  main.c
C:\Users\User\Desktop\GitHub\SMmarble\SMMarble\SMMarble\main.c(84,29): warning C4013: 'smmObj_getNodeName'이(가) 정의되지 않았습니다. extern은 int형을 반환하는 것으로 간주합니다.
C:\Users\User\Desktop\GitHub\SMmarble\SMMarble\SMMarble\main.c(84,59): warning C4013: 'smmObj_getNodeGrade'이(가) 정의되지 않았습니다. extern은 int형을 반환하는 것으로 간주합니다.
C:\Users\User\Desktop\GitHub\SMmarble\SMMarble\SMMarble\main.c(84,16): warning C4477: 'printf' : 서식 문자열 '%s'에 'char *' 형식의 인수가 필요하지만 variadic 인수 1의 형식이 'int'입니다.
C:\Users\User\Desktop\GitHub\SMmarble\SMMarble\SMMarble\main.c(84,16): warning C4313: 'printf': 서식 문자열의 '%s'이(가) int' 형식의 인수 1과(와) 충돌합니다.
C:\Users\User\Desktop\GitHub\SMmarble\SMMarble\SMMarble\main.c(167,16): warning C4013: 'smmObj_getNodeType'이(가) 정의되지 않았습니다. extern은 int형을 반환하는 것으로 간주합니다.
C:\Users\User\Desktop\GitHub\SMmarble\SMMarble\SMMarble\main.c(168,53): warning C4312: '형식 캐스트': 'int'에서 더 큰 'char *'(으)로의 변환입니다.
C:\Users\User\Desktop\GitHub\SMmarble\SMMarble\SMMarble\main.c(176,43): warning C4013: 'smmObj_getNodeCredit'이(가) 정의되지 않았습니다. extern은 int형을 반환하는 것으로 간주합니다.
C:\Users\User\Desktop\GitHub\SMmarble\SMMarble\SMMarble\main.c(177,38): warning C4013: 'smmObj_getNodeEnergy'이(가) 정의되지 않았습니다. extern은 int형을 반환하는 것으로 간주합니다.
C:\Users\User\Desktop\GitHub\SMmarble\SMMarble\SMMarble\main.c(180,27): warning C4013: 'smmObj_genObject'이(가) 정의되지 않았습니다. extern은 int형을 반환하는 것으로 간주합니다.
C:\Users\User\Desktop\GitHub\SMmarble\SMMarble\SMMarble\main.c(180,108): warning C4312: '형식 캐스트': 'int'에서 더 큰 'void *'(으)로의 변환입니다.
C:\Users\User\Desktop\GitHub\SMmarble\SMMarble\SMMarble\main.c(196,12): warning C4477: 'printf' : 서식 문자열 '%s'에 'char *' 형식의 인수가 필요하지만 variadic 인수 3의 형식이 'int'입니다.
C:\Users\User\Desktop\GitHub\SMmarble\SMMarble\SMMarble\main.c(196,12): warning C4313: 'printf': 서식 문자열의 '%s'이(가) int' 형식의 인수 3과(와) 충돌합니다.
C:\Users\User\Desktop\GitHub\SMmarble\SMMarble\SMMarble\main.c(233,13): warning C4013: 'board_getBoardStatus'이(가) 정의되지 않았습니다. extern은 int형을 반환하는 것으로 간주합니다.
C:\Users\User\Desktop\GitHub\SMmarble\SMMarble\SMMarble\main.c(279,11): warning C4244: '함수': 'time_t'에서 'unsigned int'(으)로 변환하면서 데이터가 손실될 수 있습니다.
C:\Users\User\Desktop\GitHub\SMmarble\SMMarble\SMMarble\main.c(314,43): warning C4013: 'smmObj_getTypeName'이(가) 정의되지 않았습니다. extern은 int형을 반환하는 것으로 간주합니다.
C:\Users\User\Desktop\GitHub\SMmarble\SMMarble\SMMarble\main.c(312,16): warning C4477: 'printf' : 서식 문자열 '%s'에 'char *' 형식의 인수가 필요하지만 variadic 인수 2의 형식이 'int'입니다.
C:\Users\User\Desktop\GitHub\SMmarble\SMMarble\SMMarble\main.c(312,16): warning C4313: 'printf': 서식 문자열의 '%s'이(가) int' 형식의 인수 2과(와) 충돌합니다.
C:\Users\User\Desktop\GitHub\SMmarble\SMMarble\SMMarble\main.c(312,16): warning C4477: 'printf' : 서식 문자열 '%s'에 'char *' 형식의 인수가 필요하지만 variadic 인수 4의 형식이 'int'입니다.
C:\Users\User\Desktop\GitHub\SMmarble\SMMarble\SMMarble\main.c(312,16): warning C4313: 'printf': 서식 문자열의 '%s'이(가) int' 형식의 인수 4과(와) 충돌합니다.
C:\Users\User\Desktop\GitHub\SMmarble\SMMarble\SMMarble\main.c(400,15): warning C4477: 'scanf' : 서식 문자열 '%d'에 'int *' 형식의 인수가 필요하지만 variadic 인수 1의 형식이 'char *'입니다.
C:\Users\User\Desktop\GitHub\SMmarble\SMMarble\SMMarble\main.c(400,15): message : 서식 문자열에서 '%hhd'을(를) 사용하는 것이 좋습니다.
C:\Users\User\Desktop\GitHub\SMmarble\SMMarble\SMMarble\main.c(418,16): warning C4477: 'printf' : 서식 문자열 '%s'에 'char *' 형식의 인수가 필요하지만 variadic 인수 1의 형식이 'int'입니다.
C:\Users\User\Desktop\GitHub\SMmarble\SMMarble\SMMarble\main.c(418,16): warning C4313: 'printf': 서식 문자열의 '%s'이(가) int' 형식의 인수 1과(와) 충돌합니다.
C:\Users\User\Desktop\GitHub\SMmarble\SMMarble\SMMarble\main.c(297,1): warning C4047: '초기화 중': 'void *'의 간접 참조 수준이 'int'과(와) 다릅니다.
  SMMarble.vcxproj -> C:\Users\User\Desktop\GitHub\SMmarble\SMMarble\x64\Debug\SMMarble.exe
